<?xml version="1.0" encoding="UTF-8"?>
<!-- Generated by org.testng.reporters.JUnitReportReporter -->
<testsuite hostname="LAPTOP-8GDB65Q0" failures="0" tests="1" name="BugCreate_JIRA" time="10.403" errors="0" timestamp="2025-07-27T23:31:28 IST" skipped="0">
  <testcase classname="BugCreate_JIRA" name="createBug" time="10.403"/>
</testsuite> <!-- BugCreate_JIRA -->
