<?xml version="1.0" encoding="UTF-8"?>
<!-- Generated by org.testng.reporters.JUnitReportReporter -->
<testsuite hostname="LAPTOP-8GDB65Q0" failures="0" tests="3" name="Dynamicjson" time="9.531" errors="0" timestamp="2025-07-27T09:38:07 IST" skipped="0">
  <testcase classname="Dynamicjson" name="addbook" time="0.340"/>
  <testcase classname="Dynamicjson" name="addbook" time="8.605"/>
  <testcase classname="Dynamicjson" name="addbook" time="0.586"/>
</testsuite> <!-- Dynamicjson -->
