<?xml version="1.0" encoding="UTF-8"?>
<!-- Generated by org.testng.reporters.JUnitReportReporter -->
<testsuite hostname="LAPTOP-8GDB65Q0" failures="0" tests="1" name="oAuth_API2_SD" time="9.526" errors="0" timestamp="2025-08-06T20:15:10 IST" skipped="0">
  <testcase classname="oAuth_API2_SD" name="testOAuthAPI" time="9.526"/>
</testsuite> <!-- oAuth_API2_SD -->
