<?xml version="1.0" encoding="UTF-8"?>
<!-- Generated by org.testng.reporters.JUnitReportReporter -->
<testsuite hostname="LAPTOP-8GDB65Q0" failures="0" tests="1" name="oAuth_API" time="4.658" errors="0" timestamp="2025-08-05T21:57:59 IST" skipped="0">
  <testcase classname="oAuth_API" name="testOAuthAPI" time="4.658"/>
</testsuite> <!-- oAuth_API -->
