<?xml version="1.0" encoding="UTF-8"?>
<!-- Generated by org.testng.reporters.JUnitReportReporter -->
<testsuite hostname="LAPTOP-8GDB65Q0" failures="0" tests="3" name="JsonFileAPIRun" time="6.947" errors="0" timestamp="2025-07-27T09:50:35 IST" skipped="0">
  <testcase classname="JsonFileAPIRun" name="addbook" time="0.277"/>
  <testcase classname="JsonFileAPIRun" name="addbook" time="6.408"/>
  <testcase classname="JsonFileAPIRun" name="addbook" time="0.262"/>
</testsuite> <!-- JsonFileAPIRun -->
